[22:55:51] [main/INFO]: Logging in with username & password
[22:55:55] [main/INFO]: Setting user: foomemphis
[22:55:56] [Client thread/INFO]: LWJGL Version: 2.9.1
[22:56:03] [Client thread/INFO]: Reloading ResourceManager: Default, FMLFileResourcePack:Forge Mod Loader, FMLFileResourcePack:Minecraft Forge, FMLFileResourcePack:Advanced Mod, FMLFileResourcePack:First Mod, FMLFileResourcePack:Lets Mod Reboot, FMLFileResourcePack:Speed Road Mod, FMLFileResourcePack:Tutorial Mod
[22:56:04] [Sound Library Loader/INFO]: Sound engine started
[22:56:06] [Client thread/INFO]: Created: 16x16 textures/blocks-atlas
[22:56:06] [Client thread/INFO]: Created: 16x16 textures/items-atlas
[22:56:06] [Client thread/INFO]: Reloading ResourceManager: Default, FMLFileResourcePack:Forge Mod Loader, FMLFileResourcePack:Minecraft Forge, FMLFileResourcePack:Advanced Mod, FMLFileResourcePack:First Mod, FMLFileResourcePack:Lets Mod Reboot, FMLFileResourcePack:Speed Road Mod, FMLFileResourcePack:Tutorial Mod
[22:56:06] [Client thread/INFO]: Created: 512x256 textures/blocks-atlas
[22:56:07] [Client thread/INFO]: Created: 256x256 textures/items-atlas
[22:56:07] [Sound Library Loader/INFO]: Sound engine started
[22:56:44] [Server thread/INFO]: Starting integrated minecraft server version 1.7.10
[22:56:44] [Server thread/INFO]: Generating keypair
[22:56:44] [Server thread/INFO]: Preparing start region for level 0
[22:56:45] [Server thread/INFO]: Changing view distance to 12, from 10
[22:56:46] [Server thread/INFO]: foomemphis[local:E:c2d4e528] logged in with entity id 311 at (-236.50799317121312, 71.0, 218.6729922210012)
[22:56:46] [Server thread/INFO]: foomemphis joined the game
[23:01:13] [Server thread/INFO]: Saving and pausing game...
[23:01:13] [Server thread/INFO]: Saving chunks for level 'Brave New World'/Overworld
[23:01:13] [Server thread/INFO]: Saving chunks for level 'Brave New World'/Nether
[23:01:13] [Server thread/INFO]: Saving chunks for level 'Brave New World'/The End
[23:01:14] [Server thread/INFO]: Stopping server
[23:01:14] [Server thread/INFO]: Saving players
[23:01:14] [Server thread/INFO]: Saving worlds
[23:01:14] [Server thread/INFO]: Saving chunks for level 'Brave New World'/Overworld
[23:01:14] [Server thread/INFO]: Saving chunks for level 'Brave New World'/Nether
[23:01:14] [Server thread/INFO]: Saving chunks for level 'Brave New World'/The End
[23:01:15] [Client thread/INFO]: Stopping!
